env: load .env.local
env: export EXPO_PUBLIC_SUPABASE_URL EXPO_PUBLIC_SUPABASE_ANON_KEY EXPO_PUBLIC_API_BASE_URL
Starting Metro Bundler
Android node_modules\expo-router\entry.js ΓûôΓûôΓûæΓûæΓûæΓûæΓûæΓûæΓûæΓûæΓûæΓûæΓûæΓûæΓûæΓûæ 13.2% (12/44)
Android node_modules\expo-router\entry.js ΓûôΓûôΓûôΓûæΓûæΓûæΓûæΓûæΓûæΓûæΓûæΓûæΓûæΓûæΓûæΓûæ 19.7% (268/857)
Android node_modules\expo-router\entry.js ΓûôΓûôΓûôΓûôΓûôΓûôΓûôΓûôΓûôΓûôΓûôΓûæΓûæΓûæΓûæΓûæ 69.9% (1052/1258)
Android node_modules\expo-router\entry.js ΓûôΓûôΓûôΓûôΓûôΓûôΓûôΓûôΓûôΓûôΓûôΓûôΓûôΓûæΓûæΓûæ 86.5% (1547/1663)
Android node_modules\expo-router\entry.js ΓûôΓûôΓûôΓûôΓûôΓûôΓûôΓûôΓûôΓûôΓûôΓûôΓûôΓûôΓûôΓûæ 99.9% (2000/2000)
Android Bundled 24237ms node_modules\expo-router\entry.js (2000 modules)
Android node_modules\expo-router\entry.js ΓûôΓûôΓûôΓûôΓûôΓûôΓûôΓûôΓûôΓûôΓûôΓûôΓûôΓûôΓûôΓûæ 99.9% (2000/2000)

ΓÇ║ Assets (43):
node_modules\@expo\vector-icons\build\vendor\react-native-vector-icons\Fonts\AntDesign.ttf (130 kB)
node_modules\@expo\vector-icons\build\vendor\react-native-vector-icons\Fonts\Entypo.ttf (66.2 kB)
node_modules\@expo\vector-icons\build\vendor\react-native-vector-icons\Fonts\EvilIcons.ttf (13.5 kB)
node_modules\@expo\vector-icons\build\vendor\react-native-vector-icons\Fonts\Feather.ttf (55.6 kB)
node_modules\@expo\vector-icons\build\vendor\react-native-vector-icons\Fonts\FontAwesome.ttf (166 kB)
node_modules\@expo\vector-icons\build\vendor\react-native-vector-icons\Fonts\FontAwesome5_Brands.ttf (134 kB)
node_modules\@expo\vector-icons\build\vendor\react-native-vector-icons\Fonts\FontAwesome5_Regular.ttf (33.7 kB)
node_modules\@expo\vector-icons\build\vendor\react-native-vector-icons\Fonts\FontAwesome5_Solid.ttf (203 kB)
node_modules\@expo\vector-icons\build\vendor\react-native-vector-icons\Fonts\FontAwesome6_Brands.ttf (209 kB)
node_modules\@expo\vector-icons\build\vendor\react-native-vector-icons\Fonts\FontAwesome6_Regular.ttf (68 kB)
node_modules\@expo\vector-icons\build\vendor\react-native-vector-icons\Fonts\FontAwesome6_Solid.ttf (424 kB)
node_modules\@expo\vector-icons\build\vendor\react-native-vector-icons\Fonts\Fontisto.ttf (314 kB)
node_modules\@expo\vector-icons\build\vendor\react-native-vector-icons\Fonts\Foundation.ttf (57 kB)
node_modules\@expo\vector-icons\build\vendor\react-native-vector-icons\Fonts\Ionicons.ttf (390 kB)
node_modules\@expo\vector-icons\build\vendor\react-native-vector-icons\Fonts\MaterialCommunityIcons.ttf (1.31 MB)
node_modules\@expo\vector-icons\build\vendor\react-native-vector-icons\Fonts\MaterialIcons.ttf (357 kB)
node_modules\@expo\vector-icons\build\vendor\react-native-vector-icons\Fonts\Octicons.ttf (69.4 kB)
node_modules\@expo\vector-icons\build\vendor\react-native-vector-icons\Fonts\SimpleLineIcons.ttf (54.1 kB)
node_modules\@expo\vector-icons\build\vendor\react-native-vector-icons\Fonts\Zocial.ttf (25.8 kB)
node_modules\@react-navigation\elements\lib\module\assets\back-icon-mask.png (653 B)
node_modules\@react-navigation\elements\lib\module\assets\back-icon.png (4 variations | 152 B)
node_modules\@react-navigation\elements\lib\module\assets\clear-icon.png (4 variations | 425 B)
node_modules\@react-navigation\elements\lib\module\assets\close-icon.png (4 variations | 235 B)
node_modules\@react-navigation\elements\lib\module\assets\search-icon.png (4 variations | 599 B)
node_modules\expo-router\assets\arrow_down.png (9.46 kB)
node_modules\expo-router\assets\error.png (469 B)
node_modules\expo-router\assets\file.png (138 B)
node_modules\expo-router\assets\forward.png (188 B)
node_modules\expo-router\assets\pkg.png (364 B)
node_modules\expo-router\assets\sitemap.png (465 B)
node_modules\expo-router\assets\unmatched.png (4.75 kB)

ΓÇ║ android bundles (1):
_expo/static/js/android/entry-a3edca2e54431088b8b44af7f9d2c1c9.hbc (5.4 MB)

ΓÇ║ Files (1):
metadata.json (3.03 kB)

Exported: dist
